{"contracts/FundVoting.sol":{"l":{"90":75,"91":3,"93":72,"97":30,"98":1,"100":29,"104":18,"105":1,"107":17,"114":6,"115":0,"117":6,"121":95,"122":4,"124":91,"128":13,"129":2,"132":11,"136":6,"137":0,"139":6,"143":17,"144":2,"146":15,"155":6,"157":1,"159":5,"165":5,"166":1,"168":4,"172":15,"173":1,"175":14,"180":0,"181":0,"183":0,"195":3,"196":0,"198":3,"206":34,"207":1,"210":33,"211":1,"214":32,"215":1,"218":31,"220":31,"221":31,"222":31,"223":31,"225":31,"226":31,"229":31,"239":29,"240":1,"243":28,"245":28,"246":0,"249":28,"250":26,"253":28,"254":28,"255":28,"258":28,"273":14,"274":1,"277":13,"278":1,"281":12,"282":1,"285":11,"286":1,"289":10,"290":1,"293":9,"295":9,"296":1,"299":8,"301":8,"302":8,"303":8,"304":8,"306":8,"307":8,"308":8,"311":8,"328":4,"329":0,"332":4,"334":4,"335":0,"338":4,"339":2,"341":2,"342":2,"343":2,"345":2,"349":2,"351":2,"352":2,"353":2,"355":2,"377":0,"378":0,"381":0,"382":0,"385":0,"386":0,"388":0,"389":0,"392":0,"393":0,"394":0,"395":0,"398":0,"399":0,"400":0,"401":0,"418":0,"420":0,"422":0,"424":0,"425":0,"428":0,"429":0,"430":0,"431":0,"433":0,"435":0,"436":0,"439":0,"451":15,"453":15,"460":1,"465":1,"471":1,"477":1,"483":1,"492":2,"493":0,"495":2,"503":2,"511":2,"518":4,"519":2,"521":2,"531":1,"541":1,"551":1,"561":1,"571":0,"581":0,"591":0,"601":0,"602":0,"604":0,"614":1,"619":0},"path":"/Users/pranavlakkadi/HH-FCC/HH-Voting-Protocol/contracts/FundVoting.sol","s":{"1":75,"2":30,"3":18,"4":6,"5":95,"6":13,"7":6,"8":17,"9":6,"10":5,"11":15,"12":0,"13":3,"14":34,"15":33,"16":32,"17":31,"18":31,"19":29,"20":28,"21":28,"22":28,"23":28,"24":14,"25":13,"26":12,"27":11,"28":10,"29":9,"30":9,"31":8,"32":8,"33":4,"34":4,"35":4,"36":4,"37":2,"38":2,"39":0,"40":0,"41":0,"42":0,"43":0,"44":0,"45":0,"46":0,"47":0,"48":0,"49":0,"50":0,"51":0,"52":0,"53":0,"54":15,"55":1,"56":1,"57":1,"58":1,"59":1,"60":2,"61":2,"62":2,"63":2,"64":4,"65":2,"66":2,"67":1,"68":1,"69":1,"70":1,"71":0,"72":0,"73":0,"74":0,"75":0,"76":1,"77":0},"b":{"1":[3,72],"2":[1,29],"3":[1,17],"4":[0,6],"5":[4,91],"6":[2,11],"7":[0,6],"8":[2,15],"9":[1,5],"10":[1,0],"11":[1,4],"12":[1,14],"13":[0,0],"14":[0,3],"15":[34,1],"16":[1,33],"17":[1,32],"18":[1,31],"19":[31,1],"20":[30,1],"21":[29,1],"22":[1,28],"23":[0,28],"24":[26,2],"25":[18,1],"26":[17,1],"27":[15,2],"28":[14,1],"29":[1,13],"30":[1,12],"31":[1,11],"32":[1,10],"33":[1,9],"34":[1,8],"35":[8,1],"36":[7,1],"37":[6,1],"38":[6,0],"39":[6,0],"40":[5,1],"41":[4,1],"42":[0,4],"43":[0,4],"44":[2,2],"45":[0,0],"46":[0,0],"47":[0,0],"48":[0,0],"49":[0,0],"50":[0,0],"51":[0,0],"52":[0,0],"53":[0,0],"54":[0,0],"55":[0,0],"56":[0,0],"57":[0,0],"58":[0,0],"59":[0,0],"60":[0,0],"61":[0,0],"62":[0,0],"63":[0,0],"64":[0,0],"65":[0,0],"66":[0,0],"67":[15,0],"68":[1,0],"69":[1,0],"70":[1,0],"71":[1,0],"72":[2,0],"73":[0,2],"74":[2,0],"75":[2,0],"76":[4,1],"77":[2,2],"78":[1,0],"79":[1,0],"80":[1,0],"81":[1,0],"82":[1,0],"83":[1,0],"84":[2,0],"85":[1,1],"86":[0,0],"87":[0,0],"88":[0,0],"89":[0,0],"90":[0,0],"91":[0,0],"92":[0,0],"93":[0,0],"94":[0,0],"95":[1,0],"96":[1,0]},"f":{"1":75,"2":30,"3":18,"4":6,"5":95,"6":13,"7":6,"8":17,"9":6,"10":5,"11":15,"12":0,"13":3,"14":34,"15":29,"16":14,"17":4,"18":0,"19":0,"20":15,"21":1,"22":1,"23":1,"24":1,"25":1,"26":2,"27":2,"28":2,"29":4,"30":1,"31":1,"32":1,"33":1,"34":0,"35":0,"36":0,"37":0,"38":1,"39":0},"fnMap":{"1":{"name":"OnlyMember","line":89,"loc":{"start":{"line":89,"column":4},"end":{"line":94,"column":4}}},"2":{"name":"IsActive","line":96,"loc":{"start":{"line":96,"column":4},"end":{"line":101,"column":4}}},"3":{"name":"OnlyOwner","line":103,"loc":{"start":{"line":103,"column":4},"end":{"line":108,"column":4}}},"4":{"name":"ActiveIfRequestNotFulfilled","line":110,"loc":{"start":{"line":110,"column":4},"end":{"line":118,"column":4}}},"5":{"name":"IfValidProposalID","line":120,"loc":{"start":{"line":120,"column":4},"end":{"line":125,"column":4}}},"6":{"name":"IfValidRequestIDOfParticularProposal","line":127,"loc":{"start":{"line":127,"column":4},"end":{"line":133,"column":4}}},"7":{"name":"IfNoActiveRequestOfAParticularProposal","line":135,"loc":{"start":{"line":135,"column":4},"end":{"line":140,"column":4}}},"8":{"name":"IfActiveRequestExists","line":142,"loc":{"start":{"line":142,"column":4},"end":{"line":147,"column":4}}},"9":{"name":"IfAlreadyVoted","line":149,"loc":{"start":{"line":149,"column":4},"end":{"line":160,"column":4}}},"10":{"name":"RequestVoteNotActive","line":162,"loc":{"start":{"line":162,"column":4},"end":{"line":169,"column":4}}},"11":{"name":"CreateRequestAfterContributionDeadline","line":171,"loc":{"start":{"line":171,"column":4},"end":{"line":176,"column":4}}},"12":{"name":"PaymentCanBeMadeOnlyAfterRequestVotingTimeHasExpired","line":178,"loc":{"start":{"line":178,"column":4},"end":{"line":184,"column":4}}},"13":{"name":"constructor","line":194,"loc":{"start":{"line":194,"column":4},"end":{"line":199,"column":4}}},"14":{"name":"createProposal","line":205,"loc":{"start":{"line":205,"column":4},"end":{"line":230,"column":4}}},"15":{"name":"Contribute","line":237,"loc":{"start":{"line":234,"column":4},"end":{"line":259,"column":4}}},"16":{"name":"CreateRequest","line":271,"loc":{"start":{"line":266,"column":4},"end":{"line":312,"column":4}}},"17":{"name":"VoteRequest","line":325,"loc":{"start":{"line":318,"column":4},"end":{"line":358,"column":4}}},"18":{"name":"changeVoteOnRequest","line":372,"loc":{"start":{"line":364,"column":4},"end":{"line":403,"column":4}}},"19":{"name":"makePayment","line":416,"loc":{"start":{"line":408,"column":4},"end":{"line":441,"column":4}}},"20":{"name":"getRemainingBalance","line":449,"loc":{"start":{"line":449,"column":4},"end":{"line":454,"column":4}}},"21":{"name":"getProposalDescription","line":458,"loc":{"start":{"line":458,"column":4},"end":{"line":461,"column":4}}},"22":{"name":"getProposalCount","line":464,"loc":{"start":{"line":464,"column":4},"end":{"line":466,"column":4}}},"23":{"name":"getProposalOwner","line":470,"loc":{"start":{"line":470,"column":4},"end":{"line":472,"column":4}}},"24":{"name":"getProposalDeadline","line":476,"loc":{"start":{"line":476,"column":4},"end":{"line":478,"column":4}}},"25":{"name":"getProposalGoal","line":482,"loc":{"start":{"line":482,"column":4},"end":{"line":484,"column":4}}},"26":{"name":"getProposalContributor_Contribution","line":490,"loc":{"start":{"line":489,"column":4},"end":{"line":496,"column":4}}},"27":{"name":"getProposalContributionCounter","line":501,"loc":{"start":{"line":500,"column":4},"end":{"line":504,"column":4}}},"28":{"name":"getProposalRequestCount","line":509,"loc":{"start":{"line":508,"column":4},"end":{"line":512,"column":4}}},"29":{"name":"getProposalActiveRequest","line":516,"loc":{"start":{"line":516,"column":4},"end":{"line":522,"column":4}}},"30":{"name":"getRequestRecepient","line":529,"loc":{"start":{"line":527,"column":4},"end":{"line":532,"column":4}}},"31":{"name":"getRequestDescription","line":539,"loc":{"start":{"line":537,"column":4},"end":{"line":542,"column":4}}},"32":{"name":"getRequestValueToBeSpent","line":549,"loc":{"start":{"line":547,"column":4},"end":{"line":552,"column":4}}},"33":{"name":"getRequestResult","line":559,"loc":{"start":{"line":557,"column":4},"end":{"line":562,"column":4}}},"34":{"name":"getRequestYesVotes","line":569,"loc":{"start":{"line":567,"column":4},"end":{"line":572,"column":4}}},"35":{"name":"getRequestNoVotes","line":579,"loc":{"start":{"line":577,"column":4},"end":{"line":582,"column":4}}},"36":{"name":"getRequestVoteCount","line":589,"loc":{"start":{"line":587,"column":4},"end":{"line":592,"column":4}}},"37":{"name":"getRequestAddressVote","line":599,"loc":{"start":{"line":597,"column":4},"end":{"line":605,"column":4}}},"38":{"name":"getRequestDeadline","line":612,"loc":{"start":{"line":610,"column":4},"end":{"line":615,"column":4}}},"39":{"name":"getSoulBoundTokenAddress","line":618,"loc":{"start":{"line":618,"column":4},"end":{"line":620,"column":4}}}},"statementMap":{"1":{"start":{"line":90,"column":8},"end":{"line":90,"column":3135}},"2":{"start":{"line":97,"column":8},"end":{"line":97,"column":3299}},"3":{"start":{"line":104,"column":8},"end":{"line":104,"column":3478}},"4":{"start":{"line":114,"column":8},"end":{"line":114,"column":3855}},"5":{"start":{"line":121,"column":8},"end":{"line":121,"column":4068}},"6":{"start":{"line":128,"column":8},"end":{"line":128,"column":4280}},"7":{"start":{"line":136,"column":8},"end":{"line":136,"column":4511}},"8":{"start":{"line":143,"column":8},"end":{"line":143,"column":4703}},"9":{"start":{"line":155,"column":8},"end":{"line":155,"column":5279}},"10":{"start":{"line":165,"column":8},"end":{"line":165,"column":5794}},"11":{"start":{"line":172,"column":8},"end":{"line":172,"column":6064}},"12":{"start":{"line":180,"column":8},"end":{"line":180,"column":6419}},"13":{"start":{"line":195,"column":8},"end":{"line":195,"column":6933}},"14":{"start":{"line":206,"column":8},"end":{"line":206,"column":7488}},"15":{"start":{"line":210,"column":8},"end":{"line":210,"column":7589}},"16":{"start":{"line":214,"column":8},"end":{"line":214,"column":7693}},"17":{"start":{"line":218,"column":8},"end":{"line":218,"column":60}},"18":{"start":{"line":229,"column":8},"end":{"line":229,"column":61}},"19":{"start":{"line":239,"column":8},"end":{"line":239,"column":8501}},"20":{"start":{"line":243,"column":8},"end":{"line":243,"column":57}},"21":{"start":{"line":245,"column":8},"end":{"line":245,"column":8676}},"22":{"start":{"line":249,"column":8},"end":{"line":249,"column":8797}},"23":{"start":{"line":258,"column":8},"end":{"line":258,"column":47}},"24":{"start":{"line":273,"column":8},"end":{"line":273,"column":9762}},"25":{"start":{"line":277,"column":8},"end":{"line":277,"column":9864}},"26":{"start":{"line":281,"column":8},"end":{"line":281,"column":9989}},"27":{"start":{"line":285,"column":8},"end":{"line":285,"column":10106}},"28":{"start":{"line":289,"column":8},"end":{"line":289,"column":10217}},"29":{"start":{"line":293,"column":8},"end":{"line":293,"column":65}},"30":{"start":{"line":295,"column":8},"end":{"line":295,"column":10401}},"31":{"start":{"line":299,"column":8},"end":{"line":299,"column":93}},"32":{"start":{"line":311,"column":8},"end":{"line":311,"column":74}},"33":{"start":{"line":328,"column":8},"end":{"line":328,"column":11840}},"34":{"start":{"line":332,"column":8},"end":{"line":332,"column":78}},"35":{"start":{"line":334,"column":8},"end":{"line":334,"column":12055}},"36":{"start":{"line":338,"column":8},"end":{"line":338,"column":12169}},"37":{"start":{"line":345,"column":12},"end":{"line":345,"column":49}},"38":{"start":{"line":355,"column":12},"end":{"line":355,"column":48}},"39":{"start":{"line":377,"column":8},"end":{"line":377,"column":13676}},"40":{"start":{"line":381,"column":8},"end":{"line":381,"column":13802}},"41":{"start":{"line":385,"column":8},"end":{"line":385,"column":13909}},"42":{"start":{"line":388,"column":8},"end":{"line":388,"column":14072}},"43":{"start":{"line":392,"column":8},"end":{"line":392,"column":14234}},"44":{"start":{"line":395,"column":12},"end":{"line":395,"column":49}},"45":{"start":{"line":398,"column":8},"end":{"line":398,"column":14486}},"46":{"start":{"line":401,"column":12},"end":{"line":401,"column":48}},"47":{"start":{"line":418,"column":8},"end":{"line":418,"column":65}},"48":{"start":{"line":420,"column":8},"end":{"line":420,"column":73}},"49":{"start":{"line":422,"column":8},"end":{"line":422,"column":15526}},"50":{"start":{"line":428,"column":12},"end":{"line":428,"column":71}},"51":{"start":{"line":433,"column":12},"end":{"line":433,"column":85}},"52":{"start":{"line":435,"column":12},"end":{"line":435,"column":16097}},"53":{"start":{"line":439,"column":12},"end":{"line":439,"column":51}},"54":{"start":{"line":451,"column":8},"end":{"line":451,"column":65}},"55":{"start":{"line":460,"column":8},"end":{"line":460,"column":52}},"56":{"start":{"line":465,"column":8},"end":{"line":465,"column":28}},"57":{"start":{"line":471,"column":8},"end":{"line":471,"column":52}},"58":{"start":{"line":477,"column":8},"end":{"line":477,"column":45}},"59":{"start":{"line":483,"column":8},"end":{"line":483,"column":41}},"60":{"start":{"line":492,"column":8},"end":{"line":492,"column":18732}},"61":{"start":{"line":495,"column":8},"end":{"line":495,"column":62}},"62":{"start":{"line":503,"column":8},"end":{"line":503,"column":54}},"63":{"start":{"line":511,"column":8},"end":{"line":511,"column":49}},"64":{"start":{"line":518,"column":8},"end":{"line":518,"column":19821}},"65":{"start":{"line":519,"column":12},"end":{"line":519,"column":23}},"66":{"start":{"line":521,"column":8},"end":{"line":521,"column":20}},"67":{"start":{"line":531,"column":8},"end":{"line":531,"column":67}},"68":{"start":{"line":541,"column":8},"end":{"line":541,"column":68}},"69":{"start":{"line":551,"column":8},"end":{"line":551,"column":80}},"70":{"start":{"line":561,"column":8},"end":{"line":561,"column":66}},"71":{"start":{"line":571,"column":8},"end":{"line":571,"column":65}},"72":{"start":{"line":581,"column":8},"end":{"line":581,"column":64}},"73":{"start":{"line":591,"column":8},"end":{"line":591,"column":66}},"74":{"start":{"line":601,"column":8},"end":{"line":601,"column":24372}},"75":{"start":{"line":604,"column":8},"end":{"line":604,"column":69}},"76":{"start":{"line":614,"column":8},"end":{"line":614,"column":72}},"77":{"start":{"line":619,"column":8},"end":{"line":619,"column":20}}},"branchMap":{"1":{"line":90,"type":"if","locations":[{"start":{"line":90,"column":8},"end":{"line":90,"column":8}},{"start":{"line":90,"column":8},"end":{"line":90,"column":8}}]},"2":{"line":97,"type":"if","locations":[{"start":{"line":97,"column":8},"end":{"line":97,"column":8}},{"start":{"line":97,"column":8},"end":{"line":97,"column":8}}]},"3":{"line":104,"type":"if","locations":[{"start":{"line":104,"column":8},"end":{"line":104,"column":8}},{"start":{"line":104,"column":8},"end":{"line":104,"column":8}}]},"4":{"line":114,"type":"if","locations":[{"start":{"line":114,"column":8},"end":{"line":114,"column":8}},{"start":{"line":114,"column":8},"end":{"line":114,"column":8}}]},"5":{"line":121,"type":"if","locations":[{"start":{"line":121,"column":8},"end":{"line":121,"column":8}},{"start":{"line":121,"column":8},"end":{"line":121,"column":8}}]},"6":{"line":128,"type":"if","locations":[{"start":{"line":128,"column":8},"end":{"line":128,"column":8}},{"start":{"line":128,"column":8},"end":{"line":128,"column":8}}]},"7":{"line":136,"type":"if","locations":[{"start":{"line":136,"column":8},"end":{"line":136,"column":8}},{"start":{"line":136,"column":8},"end":{"line":136,"column":8}}]},"8":{"line":143,"type":"if","locations":[{"start":{"line":143,"column":8},"end":{"line":143,"column":8}},{"start":{"line":143,"column":8},"end":{"line":143,"column":8}}]},"9":{"line":155,"type":"if","locations":[{"start":{"line":155,"column":8},"end":{"line":155,"column":8}},{"start":{"line":155,"column":8},"end":{"line":155,"column":8}}]},"10":{"line":155,"type":"cond-expr","locations":[{"start":{"line":155,"column":12},"end":{"line":155,"column":82}},{"start":{"line":156,"column":15},"end":{"line":156,"column":84}}]},"11":{"line":165,"type":"if","locations":[{"start":{"line":165,"column":8},"end":{"line":165,"column":8}},{"start":{"line":165,"column":8},"end":{"line":165,"column":8}}]},"12":{"line":172,"type":"if","locations":[{"start":{"line":172,"column":8},"end":{"line":172,"column":8}},{"start":{"line":172,"column":8},"end":{"line":172,"column":8}}]},"13":{"line":180,"type":"if","locations":[{"start":{"line":180,"column":8},"end":{"line":180,"column":8}},{"start":{"line":180,"column":8},"end":{"line":180,"column":8}}]},"14":{"line":195,"type":"if","locations":[{"start":{"line":195,"column":8},"end":{"line":195,"column":8}},{"start":{"line":195,"column":8},"end":{"line":195,"column":8}}]},"15":{"line":205,"type":"if","locations":[{"start":{"line":205,"column":102},"end":{"line":205,"column":102}},{"start":{"line":205,"column":102},"end":{"line":205,"column":102}}]},"16":{"line":206,"type":"if","locations":[{"start":{"line":206,"column":8},"end":{"line":206,"column":8}},{"start":{"line":206,"column":8},"end":{"line":206,"column":8}}]},"17":{"line":210,"type":"if","locations":[{"start":{"line":210,"column":8},"end":{"line":210,"column":8}},{"start":{"line":210,"column":8},"end":{"line":210,"column":8}}]},"18":{"line":214,"type":"if","locations":[{"start":{"line":214,"column":8},"end":{"line":214,"column":8}},{"start":{"line":214,"column":8},"end":{"line":214,"column":8}}]},"19":{"line":235,"type":"if","locations":[{"start":{"line":235,"column":4},"end":{"line":235,"column":4}},{"start":{"line":235,"column":4},"end":{"line":235,"column":4}}]},"20":{"line":236,"type":"if","locations":[{"start":{"line":236,"column":4},"end":{"line":236,"column":4}},{"start":{"line":236,"column":4},"end":{"line":236,"column":4}}]},"21":{"line":237,"type":"if","locations":[{"start":{"line":237,"column":4},"end":{"line":237,"column":4}},{"start":{"line":237,"column":4},"end":{"line":237,"column":4}}]},"22":{"line":239,"type":"if","locations":[{"start":{"line":239,"column":8},"end":{"line":239,"column":8}},{"start":{"line":239,"column":8},"end":{"line":239,"column":8}}]},"23":{"line":245,"type":"if","locations":[{"start":{"line":245,"column":8},"end":{"line":245,"column":8}},{"start":{"line":245,"column":8},"end":{"line":245,"column":8}}]},"24":{"line":249,"type":"if","locations":[{"start":{"line":249,"column":8},"end":{"line":249,"column":8}},{"start":{"line":249,"column":8},"end":{"line":249,"column":8}}]},"25":{"line":268,"type":"if","locations":[{"start":{"line":268,"column":4},"end":{"line":268,"column":4}},{"start":{"line":268,"column":4},"end":{"line":268,"column":4}}]},"26":{"line":269,"type":"if","locations":[{"start":{"line":269,"column":4},"end":{"line":269,"column":4}},{"start":{"line":269,"column":4},"end":{"line":269,"column":4}}]},"27":{"line":270,"type":"if","locations":[{"start":{"line":270,"column":4},"end":{"line":270,"column":4}},{"start":{"line":270,"column":4},"end":{"line":270,"column":4}}]},"28":{"line":271,"type":"if","locations":[{"start":{"line":271,"column":4},"end":{"line":271,"column":4}},{"start":{"line":271,"column":4},"end":{"line":271,"column":4}}]},"29":{"line":273,"type":"if","locations":[{"start":{"line":273,"column":8},"end":{"line":273,"column":8}},{"start":{"line":273,"column":8},"end":{"line":273,"column":8}}]},"30":{"line":277,"type":"if","locations":[{"start":{"line":277,"column":8},"end":{"line":277,"column":8}},{"start":{"line":277,"column":8},"end":{"line":277,"column":8}}]},"31":{"line":281,"type":"if","locations":[{"start":{"line":281,"column":8},"end":{"line":281,"column":8}},{"start":{"line":281,"column":8},"end":{"line":281,"column":8}}]},"32":{"line":285,"type":"if","locations":[{"start":{"line":285,"column":8},"end":{"line":285,"column":8}},{"start":{"line":285,"column":8},"end":{"line":285,"column":8}}]},"33":{"line":289,"type":"if","locations":[{"start":{"line":289,"column":8},"end":{"line":289,"column":8}},{"start":{"line":289,"column":8},"end":{"line":289,"column":8}}]},"34":{"line":295,"type":"if","locations":[{"start":{"line":295,"column":8},"end":{"line":295,"column":8}},{"start":{"line":295,"column":8},"end":{"line":295,"column":8}}]},"35":{"line":319,"type":"if","locations":[{"start":{"line":319,"column":4},"end":{"line":319,"column":4}},{"start":{"line":319,"column":4},"end":{"line":319,"column":4}}]},"36":{"line":320,"type":"if","locations":[{"start":{"line":320,"column":4},"end":{"line":320,"column":4}},{"start":{"line":320,"column":4},"end":{"line":320,"column":4}}]},"37":{"line":321,"type":"if","locations":[{"start":{"line":321,"column":4},"end":{"line":321,"column":4}},{"start":{"line":321,"column":4},"end":{"line":321,"column":4}}]},"38":{"line":322,"type":"if","locations":[{"start":{"line":322,"column":4},"end":{"line":322,"column":4}},{"start":{"line":322,"column":4},"end":{"line":322,"column":4}}]},"39":{"line":323,"type":"if","locations":[{"start":{"line":323,"column":4},"end":{"line":323,"column":4}},{"start":{"line":323,"column":4},"end":{"line":323,"column":4}}]},"40":{"line":324,"type":"if","locations":[{"start":{"line":324,"column":4},"end":{"line":324,"column":4}},{"start":{"line":324,"column":4},"end":{"line":324,"column":4}}]},"41":{"line":325,"type":"if","locations":[{"start":{"line":325,"column":4},"end":{"line":325,"column":4}},{"start":{"line":325,"column":4},"end":{"line":325,"column":4}}]},"42":{"line":328,"type":"if","locations":[{"start":{"line":328,"column":8},"end":{"line":328,"column":8}},{"start":{"line":328,"column":8},"end":{"line":328,"column":8}}]},"43":{"line":334,"type":"if","locations":[{"start":{"line":334,"column":8},"end":{"line":334,"column":8}},{"start":{"line":334,"column":8},"end":{"line":334,"column":8}}]},"44":{"line":338,"type":"if","locations":[{"start":{"line":338,"column":8},"end":{"line":338,"column":8}},{"start":{"line":338,"column":8},"end":{"line":338,"column":8}}]},"45":{"line":366,"type":"if","locations":[{"start":{"line":366,"column":4},"end":{"line":366,"column":4}},{"start":{"line":366,"column":4},"end":{"line":366,"column":4}}]},"46":{"line":367,"type":"if","locations":[{"start":{"line":367,"column":4},"end":{"line":367,"column":4}},{"start":{"line":367,"column":4},"end":{"line":367,"column":4}}]},"47":{"line":368,"type":"if","locations":[{"start":{"line":368,"column":4},"end":{"line":368,"column":4}},{"start":{"line":368,"column":4},"end":{"line":368,"column":4}}]},"48":{"line":369,"type":"if","locations":[{"start":{"line":369,"column":4},"end":{"line":369,"column":4}},{"start":{"line":369,"column":4},"end":{"line":369,"column":4}}]},"49":{"line":370,"type":"if","locations":[{"start":{"line":370,"column":4},"end":{"line":370,"column":4}},{"start":{"line":370,"column":4},"end":{"line":370,"column":4}}]},"50":{"line":371,"type":"if","locations":[{"start":{"line":371,"column":4},"end":{"line":371,"column":4}},{"start":{"line":371,"column":4},"end":{"line":371,"column":4}}]},"51":{"line":372,"type":"if","locations":[{"start":{"line":372,"column":4},"end":{"line":372,"column":4}},{"start":{"line":372,"column":4},"end":{"line":372,"column":4}}]},"52":{"line":377,"type":"if","locations":[{"start":{"line":377,"column":8},"end":{"line":377,"column":8}},{"start":{"line":377,"column":8},"end":{"line":377,"column":8}}]},"53":{"line":381,"type":"if","locations":[{"start":{"line":381,"column":8},"end":{"line":381,"column":8}},{"start":{"line":381,"column":8},"end":{"line":381,"column":8}}]},"54":{"line":385,"type":"if","locations":[{"start":{"line":385,"column":8},"end":{"line":385,"column":8}},{"start":{"line":385,"column":8},"end":{"line":385,"column":8}}]},"55":{"line":388,"type":"if","locations":[{"start":{"line":388,"column":8},"end":{"line":388,"column":8}},{"start":{"line":388,"column":8},"end":{"line":388,"column":8}}]},"56":{"line":392,"type":"if","locations":[{"start":{"line":392,"column":8},"end":{"line":392,"column":8}},{"start":{"line":392,"column":8},"end":{"line":392,"column":8}}]},"57":{"line":398,"type":"if","locations":[{"start":{"line":398,"column":8},"end":{"line":398,"column":8}},{"start":{"line":398,"column":8},"end":{"line":398,"column":8}}]},"58":{"line":410,"type":"if","locations":[{"start":{"line":410,"column":4},"end":{"line":410,"column":4}},{"start":{"line":410,"column":4},"end":{"line":410,"column":4}}]},"59":{"line":411,"type":"if","locations":[{"start":{"line":411,"column":4},"end":{"line":411,"column":4}},{"start":{"line":411,"column":4},"end":{"line":411,"column":4}}]},"60":{"line":412,"type":"if","locations":[{"start":{"line":412,"column":4},"end":{"line":412,"column":4}},{"start":{"line":412,"column":4},"end":{"line":412,"column":4}}]},"61":{"line":413,"type":"if","locations":[{"start":{"line":413,"column":4},"end":{"line":413,"column":4}},{"start":{"line":413,"column":4},"end":{"line":413,"column":4}}]},"62":{"line":414,"type":"if","locations":[{"start":{"line":414,"column":4},"end":{"line":414,"column":4}},{"start":{"line":414,"column":4},"end":{"line":414,"column":4}}]},"63":{"line":415,"type":"if","locations":[{"start":{"line":415,"column":4},"end":{"line":415,"column":4}},{"start":{"line":415,"column":4},"end":{"line":415,"column":4}}]},"64":{"line":416,"type":"if","locations":[{"start":{"line":416,"column":4},"end":{"line":416,"column":4}},{"start":{"line":416,"column":4},"end":{"line":416,"column":4}}]},"65":{"line":422,"type":"if","locations":[{"start":{"line":422,"column":8},"end":{"line":422,"column":8}},{"start":{"line":422,"column":8},"end":{"line":422,"column":8}}]},"66":{"line":435,"type":"if","locations":[{"start":{"line":435,"column":12},"end":{"line":435,"column":12}},{"start":{"line":435,"column":12},"end":{"line":435,"column":12}}]},"67":{"line":449,"type":"if","locations":[{"start":{"line":449,"column":53},"end":{"line":449,"column":53}},{"start":{"line":449,"column":53},"end":{"line":449,"column":53}}]},"68":{"line":458,"type":"if","locations":[{"start":{"line":458,"column":56},"end":{"line":458,"column":56}},{"start":{"line":458,"column":56},"end":{"line":458,"column":56}}]},"69":{"line":470,"type":"if","locations":[{"start":{"line":470,"column":50},"end":{"line":470,"column":50}},{"start":{"line":470,"column":50},"end":{"line":470,"column":50}}]},"70":{"line":476,"type":"if","locations":[{"start":{"line":476,"column":53},"end":{"line":476,"column":53}},{"start":{"line":476,"column":53},"end":{"line":476,"column":53}}]},"71":{"line":482,"type":"if","locations":[{"start":{"line":482,"column":49},"end":{"line":482,"column":49}},{"start":{"line":482,"column":49},"end":{"line":482,"column":49}}]},"72":{"line":490,"type":"if","locations":[{"start":{"line":490,"column":4},"end":{"line":490,"column":4}},{"start":{"line":490,"column":4},"end":{"line":490,"column":4}}]},"73":{"line":492,"type":"if","locations":[{"start":{"line":492,"column":8},"end":{"line":492,"column":8}},{"start":{"line":492,"column":8},"end":{"line":492,"column":8}}]},"74":{"line":501,"type":"if","locations":[{"start":{"line":501,"column":4},"end":{"line":501,"column":4}},{"start":{"line":501,"column":4},"end":{"line":501,"column":4}}]},"75":{"line":509,"type":"if","locations":[{"start":{"line":509,"column":4},"end":{"line":509,"column":4}},{"start":{"line":509,"column":4},"end":{"line":509,"column":4}}]},"76":{"line":516,"type":"if","locations":[{"start":{"line":516,"column":58},"end":{"line":516,"column":58}},{"start":{"line":516,"column":58},"end":{"line":516,"column":58}}]},"77":{"line":518,"type":"if","locations":[{"start":{"line":518,"column":8},"end":{"line":518,"column":8}},{"start":{"line":518,"column":8},"end":{"line":518,"column":8}}]},"78":{"line":528,"type":"if","locations":[{"start":{"line":528,"column":4},"end":{"line":528,"column":4}},{"start":{"line":528,"column":4},"end":{"line":528,"column":4}}]},"79":{"line":529,"type":"if","locations":[{"start":{"line":529,"column":4},"end":{"line":529,"column":4}},{"start":{"line":529,"column":4},"end":{"line":529,"column":4}}]},"80":{"line":538,"type":"if","locations":[{"start":{"line":538,"column":4},"end":{"line":538,"column":4}},{"start":{"line":538,"column":4},"end":{"line":538,"column":4}}]},"81":{"line":539,"type":"if","locations":[{"start":{"line":539,"column":4},"end":{"line":539,"column":4}},{"start":{"line":539,"column":4},"end":{"line":539,"column":4}}]},"82":{"line":548,"type":"if","locations":[{"start":{"line":548,"column":4},"end":{"line":548,"column":4}},{"start":{"line":548,"column":4},"end":{"line":548,"column":4}}]},"83":{"line":549,"type":"if","locations":[{"start":{"line":549,"column":4},"end":{"line":549,"column":4}},{"start":{"line":549,"column":4},"end":{"line":549,"column":4}}]},"84":{"line":558,"type":"if","locations":[{"start":{"line":558,"column":4},"end":{"line":558,"column":4}},{"start":{"line":558,"column":4},"end":{"line":558,"column":4}}]},"85":{"line":559,"type":"if","locations":[{"start":{"line":559,"column":4},"end":{"line":559,"column":4}},{"start":{"line":559,"column":4},"end":{"line":559,"column":4}}]},"86":{"line":568,"type":"if","locations":[{"start":{"line":568,"column":4},"end":{"line":568,"column":4}},{"start":{"line":568,"column":4},"end":{"line":568,"column":4}}]},"87":{"line":569,"type":"if","locations":[{"start":{"line":569,"column":4},"end":{"line":569,"column":4}},{"start":{"line":569,"column":4},"end":{"line":569,"column":4}}]},"88":{"line":578,"type":"if","locations":[{"start":{"line":578,"column":4},"end":{"line":578,"column":4}},{"start":{"line":578,"column":4},"end":{"line":578,"column":4}}]},"89":{"line":579,"type":"if","locations":[{"start":{"line":579,"column":4},"end":{"line":579,"column":4}},{"start":{"line":579,"column":4},"end":{"line":579,"column":4}}]},"90":{"line":588,"type":"if","locations":[{"start":{"line":588,"column":4},"end":{"line":588,"column":4}},{"start":{"line":588,"column":4},"end":{"line":588,"column":4}}]},"91":{"line":589,"type":"if","locations":[{"start":{"line":589,"column":4},"end":{"line":589,"column":4}},{"start":{"line":589,"column":4},"end":{"line":589,"column":4}}]},"92":{"line":598,"type":"if","locations":[{"start":{"line":598,"column":4},"end":{"line":598,"column":4}},{"start":{"line":598,"column":4},"end":{"line":598,"column":4}}]},"93":{"line":599,"type":"if","locations":[{"start":{"line":599,"column":4},"end":{"line":599,"column":4}},{"start":{"line":599,"column":4},"end":{"line":599,"column":4}}]},"94":{"line":601,"type":"if","locations":[{"start":{"line":601,"column":8},"end":{"line":601,"column":8}},{"start":{"line":601,"column":8},"end":{"line":601,"column":8}}]},"95":{"line":611,"type":"if","locations":[{"start":{"line":611,"column":4},"end":{"line":611,"column":4}},{"start":{"line":611,"column":4},"end":{"line":611,"column":4}}]},"96":{"line":612,"type":"if","locations":[{"start":{"line":612,"column":4},"end":{"line":612,"column":4}},{"start":{"line":612,"column":4},"end":{"line":612,"column":4}}]}}},"contracts/SoulBoundToken.sol":{"l":{"22":239,"23":1,"25":237,"26":237,"27":237,"28":237,"32":8,"33":5,"37":2,"41":248,"46":244,"47":237,"49":7,"54":7,"63":3,"67":4},"path":"/Users/pranavlakkadi/HH-FCC/HH-Voting-Protocol/contracts/SoulBoundToken.sol","s":{"1":239,"2":237,"3":237,"4":237,"5":237,"6":8,"7":5,"8":2,"9":248,"10":244,"11":237,"12":7,"13":7,"14":7,"15":3,"16":4},"b":{"1":[239,1],"2":[1,237],"3":[5,3],"4":[2,1],"5":[244,4],"6":[237,7],"7":[237,7],"8":[7,0]},"f":{"1":3,"2":239,"3":8,"4":2,"5":248,"6":244,"7":7,"8":3,"9":4},"fnMap":{"1":{"name":"constructor","line":19,"loc":{"start":{"line":19,"column":4},"end":{"line":19,"column":49}}},"2":{"name":"safeMint","line":21,"loc":{"start":{"line":21,"column":4},"end":{"line":29,"column":4}}},"3":{"name":"burn","line":31,"loc":{"start":{"line":31,"column":4},"end":{"line":34,"column":4}}},"4":{"name":"revoke","line":36,"loc":{"start":{"line":36,"column":4},"end":{"line":38,"column":4}}},"5":{"name":"_beforeTokenTransfer","line":40,"loc":{"start":{"line":40,"column":4},"end":{"line":42,"column":4}}},"6":{"name":"_afterTokenTransfer","line":44,"loc":{"start":{"line":44,"column":4},"end":{"line":51,"column":4}}},"7":{"name":"_burn","line":53,"loc":{"start":{"line":53,"column":4},"end":{"line":55,"column":4}}},"8":{"name":"tokenURI","line":57,"loc":{"start":{"line":57,"column":4},"end":{"line":64,"column":4}}},"9":{"name":"getTokenCount","line":66,"loc":{"start":{"line":66,"column":4},"end":{"line":68,"column":4}}}},"statementMap":{"1":{"start":{"line":22,"column":8},"end":{"line":22,"column":780}},"2":{"start":{"line":25,"column":8},"end":{"line":25,"column":51}},"3":{"start":{"line":26,"column":8},"end":{"line":26,"column":34}},"4":{"start":{"line":27,"column":8},"end":{"line":27,"column":29}},"5":{"start":{"line":28,"column":8},"end":{"line":28,"column":33}},"6":{"start":{"line":32,"column":8},"end":{"line":32,"column":85}},"7":{"start":{"line":33,"column":8},"end":{"line":33,"column":21}},"8":{"start":{"line":37,"column":8},"end":{"line":37,"column":21}},"9":{"start":{"line":41,"column":8},"end":{"line":41,"column":87}},"10":{"start":{"line":46,"column":8},"end":{"line":46,"column":1594}},"11":{"start":{"line":47,"column":12},"end":{"line":47,"column":36}},"12":{"start":{"line":48,"column":15},"end":{"line":48,"column":1673}},"13":{"start":{"line":49,"column":12},"end":{"line":49,"column":36}},"14":{"start":{"line":54,"column":8},"end":{"line":54,"column":27}},"15":{"start":{"line":63,"column":8},"end":{"line":63,"column":38}},"16":{"start":{"line":67,"column":8},"end":{"line":67,"column":40}}},"branchMap":{"1":{"line":21,"type":"if","locations":[{"start":{"line":21,"column":60},"end":{"line":21,"column":60}},{"start":{"line":21,"column":60},"end":{"line":21,"column":60}}]},"2":{"line":22,"type":"if","locations":[{"start":{"line":22,"column":8},"end":{"line":22,"column":8}},{"start":{"line":22,"column":8},"end":{"line":22,"column":8}}]},"3":{"line":32,"type":"if","locations":[{"start":{"line":32,"column":8},"end":{"line":32,"column":8}},{"start":{"line":32,"column":8},"end":{"line":32,"column":8}}]},"4":{"line":36,"type":"if","locations":[{"start":{"line":36,"column":46},"end":{"line":36,"column":46}},{"start":{"line":36,"column":46},"end":{"line":36,"column":46}}]},"5":{"line":41,"type":"if","locations":[{"start":{"line":41,"column":8},"end":{"line":41,"column":8}},{"start":{"line":41,"column":8},"end":{"line":41,"column":8}}]},"6":{"line":41,"type":"cond-expr","locations":[{"start":{"line":41,"column":16},"end":{"line":41,"column":33}},{"start":{"line":41,"column":38},"end":{"line":41,"column":53}}]},"7":{"line":46,"type":"if","locations":[{"start":{"line":46,"column":8},"end":{"line":46,"column":8}},{"start":{"line":46,"column":8},"end":{"line":46,"column":8}}]},"8":{"line":48,"type":"if","locations":[{"start":{"line":48,"column":15},"end":{"line":48,"column":15}},{"start":{"line":48,"column":15},"end":{"line":48,"column":15}}]}}},"contracts/voting.sol":{"l":{"33":3,"37":7,"38":1,"40":6,"44":0,"45":0,"47":0,"51":6,"52":0,"55":6,"56":0,"59":6,"60":6,"61":6,"63":6,"65":6,"69":0,"71":0,"72":0,"75":0,"76":0,"77":0,"78":0,"81":0,"82":0,"83":0,"85":0,"87":0,"91":0,"93":0,"94":0,"95":0,"96":0,"97":0,"100":0,"101":0,"102":0,"108":1,"109":1,"113":0,"114":0,"118":0,"119":0,"123":1,"124":1,"128":0,"129":0,"133":4},"path":"/Users/pranavlakkadi/HH-FCC/HH-Voting-Protocol/contracts/voting.sol","s":{"1":7,"2":0,"3":6,"4":6,"5":6,"6":6,"7":0,"8":0,"9":0,"10":0,"11":0,"12":0,"13":0,"14":1,"15":1,"16":0,"17":0,"18":0,"19":0,"20":1,"21":1,"22":0,"23":0,"24":4},"b":{"1":[1,6],"2":[0,0],"3":[6,1],"4":[0,6],"5":[0,6],"6":[0,0],"7":[0,0],"8":[0,0],"9":[0,0],"10":[0,0],"11":[0,0],"12":[0,0]},"f":{"1":3,"2":7,"3":0,"4":6,"5":0,"6":0,"7":1,"8":0,"9":0,"10":1,"11":0,"12":4},"fnMap":{"1":{"name":"constructor","line":32,"loc":{"start":{"line":32,"column":4},"end":{"line":34,"column":4}}},"2":{"name":"MembersOnly","line":36,"loc":{"start":{"line":36,"column":4},"end":{"line":41,"column":4}}},"3":{"name":"InactiveProposal","line":43,"loc":{"start":{"line":43,"column":4},"end":{"line":48,"column":4}}},"4":{"name":"createProposal","line":50,"loc":{"start":{"line":50,"column":4},"end":{"line":66,"column":4}}},"5":{"name":"casteVote","line":68,"loc":{"start":{"line":68,"column":4},"end":{"line":88,"column":4}}},"6":{"name":"updateVote","line":90,"loc":{"start":{"line":90,"column":4},"end":{"line":105,"column":4}}},"7":{"name":"getProposalDescription","line":107,"loc":{"start":{"line":107,"column":4},"end":{"line":110,"column":4}}},"8":{"name":"getProposalYesVotes","line":112,"loc":{"start":{"line":112,"column":4},"end":{"line":115,"column":4}}},"9":{"name":"getProposalNoVotes","line":117,"loc":{"start":{"line":117,"column":4},"end":{"line":120,"column":4}}},"10":{"name":"getProposaldeadline","line":122,"loc":{"start":{"line":122,"column":4},"end":{"line":125,"column":4}}},"11":{"name":"getProposaldIsVoter","line":127,"loc":{"start":{"line":127,"column":4},"end":{"line":130,"column":4}}},"12":{"name":"getProposalCount","line":132,"loc":{"start":{"line":132,"column":4},"end":{"line":134,"column":4}}}},"statementMap":{"1":{"start":{"line":37,"column":8},"end":{"line":37,"column":1052}},"2":{"start":{"line":44,"column":8},"end":{"line":44,"column":1257}},"3":{"start":{"line":51,"column":8},"end":{"line":51,"column":1512}},"4":{"start":{"line":55,"column":8},"end":{"line":55,"column":1620}},"5":{"start":{"line":59,"column":8},"end":{"line":59,"column":73}},"6":{"start":{"line":65,"column":8},"end":{"line":65,"column":71}},"7":{"start":{"line":69,"column":8},"end":{"line":69,"column":57}},"8":{"start":{"line":71,"column":8},"end":{"line":71,"column":2172}},"9":{"start":{"line":75,"column":8},"end":{"line":75,"column":2277}},"10":{"start":{"line":87,"column":8},"end":{"line":87,"column":47}},"11":{"start":{"line":91,"column":8},"end":{"line":91,"column":57}},"12":{"start":{"line":93,"column":8},"end":{"line":93,"column":2846}},"13":{"start":{"line":94,"column":12},"end":{"line":94,"column":2897}},"14":{"start":{"line":108,"column":8},"end":{"line":108,"column":57}},"15":{"start":{"line":109,"column":8},"end":{"line":109,"column":35}},"16":{"start":{"line":113,"column":8},"end":{"line":113,"column":57}},"17":{"start":{"line":114,"column":8},"end":{"line":114,"column":32}},"18":{"start":{"line":118,"column":8},"end":{"line":118,"column":57}},"19":{"start":{"line":119,"column":8},"end":{"line":119,"column":31}},"20":{"start":{"line":123,"column":8},"end":{"line":123,"column":57}},"21":{"start":{"line":124,"column":8},"end":{"line":124,"column":32}},"22":{"start":{"line":128,"column":8},"end":{"line":128,"column":57}},"23":{"start":{"line":129,"column":8},"end":{"line":129,"column":42}},"24":{"start":{"line":133,"column":8},"end":{"line":133,"column":30}}},"branchMap":{"1":{"line":37,"type":"if","locations":[{"start":{"line":37,"column":8},"end":{"line":37,"column":8}},{"start":{"line":37,"column":8},"end":{"line":37,"column":8}}]},"2":{"line":44,"type":"if","locations":[{"start":{"line":44,"column":8},"end":{"line":44,"column":8}},{"start":{"line":44,"column":8},"end":{"line":44,"column":8}}]},"3":{"line":50,"type":"if","locations":[{"start":{"line":50,"column":86},"end":{"line":50,"column":86}},{"start":{"line":50,"column":86},"end":{"line":50,"column":86}}]},"4":{"line":51,"type":"if","locations":[{"start":{"line":51,"column":8},"end":{"line":51,"column":8}},{"start":{"line":51,"column":8},"end":{"line":51,"column":8}}]},"5":{"line":55,"type":"if","locations":[{"start":{"line":55,"column":8},"end":{"line":55,"column":8}},{"start":{"line":55,"column":8},"end":{"line":55,"column":8}}]},"6":{"line":68,"type":"if","locations":[{"start":{"line":68,"column":54},"end":{"line":68,"column":54}},{"start":{"line":68,"column":54},"end":{"line":68,"column":54}}]},"7":{"line":68,"type":"if","locations":[{"start":{"line":68,"column":66},"end":{"line":68,"column":66}},{"start":{"line":68,"column":66},"end":{"line":68,"column":66}}]},"8":{"line":71,"type":"if","locations":[{"start":{"line":71,"column":8},"end":{"line":71,"column":8}},{"start":{"line":71,"column":8},"end":{"line":71,"column":8}}]},"9":{"line":75,"type":"if","locations":[{"start":{"line":75,"column":8},"end":{"line":75,"column":8}},{"start":{"line":75,"column":8},"end":{"line":75,"column":8}}]},"10":{"line":90,"type":"if","locations":[{"start":{"line":90,"column":45},"end":{"line":90,"column":45}},{"start":{"line":90,"column":45},"end":{"line":90,"column":45}}]},"11":{"line":93,"type":"if","locations":[{"start":{"line":93,"column":8},"end":{"line":93,"column":8}},{"start":{"line":93,"column":8},"end":{"line":93,"column":8}}]},"12":{"line":94,"type":"if","locations":[{"start":{"line":94,"column":12},"end":{"line":94,"column":12}},{"start":{"line":94,"column":12},"end":{"line":94,"column":12}}]}}}}