{"contracts/FundVoting.sol":{"l":{"47":0,"48":0,"50":0,"54":0,"55":0,"57":0,"61":0,"62":0,"64":0,"68":0,"69":0,"70":0,"71":0,"72":0,"76":0,"77":0,"80":0,"82":0,"83":0,"84":0,"86":0},"path":"/Users/pranavlakkadi/HH-FCC/HH-Voting-Protocol/contracts/FundVoting.sol","s":{"1":0,"2":0,"3":0,"4":0,"5":0,"6":0},"b":{"1":[0,0],"2":[0,0],"3":[0,0],"4":[0,0]},"f":{"1":0,"2":0,"3":0,"4":0,"5":0},"fnMap":{"1":{"name":"OnlyAdmin","line":46,"loc":{"start":{"line":46,"column":4},"end":{"line":51,"column":4}}},"2":{"name":"IsActive","line":53,"loc":{"start":{"line":53,"column":4},"end":{"line":58,"column":4}}},"3":{"name":"IsMember","line":60,"loc":{"start":{"line":60,"column":4},"end":{"line":65,"column":4}}},"4":{"name":"constructor","line":67,"loc":{"start":{"line":67,"column":4},"end":{"line":73,"column":4}}},"5":{"name":"CreateRequest","line":75,"loc":{"start":{"line":75,"column":4},"end":{"line":87,"column":4}}}},"statementMap":{"1":{"start":{"line":47,"column":8},"end":{"line":47,"column":1219}},"2":{"start":{"line":54,"column":8},"end":{"line":54,"column":1359}},"3":{"start":{"line":61,"column":8},"end":{"line":61,"column":1506}},"4":{"start":{"line":76,"column":8},"end":{"line":76,"column":2042}},"5":{"start":{"line":80,"column":8},"end":{"line":80,"column":65}},"6":{"start":{"line":86,"column":8},"end":{"line":86,"column":61}}},"branchMap":{"1":{"line":47,"type":"if","locations":[{"start":{"line":47,"column":8},"end":{"line":47,"column":8}},{"start":{"line":47,"column":8},"end":{"line":47,"column":8}}]},"2":{"line":54,"type":"if","locations":[{"start":{"line":54,"column":8},"end":{"line":54,"column":8}},{"start":{"line":54,"column":8},"end":{"line":54,"column":8}}]},"3":{"line":61,"type":"if","locations":[{"start":{"line":61,"column":8},"end":{"line":61,"column":8}},{"start":{"line":61,"column":8},"end":{"line":61,"column":8}}]},"4":{"line":76,"type":"if","locations":[{"start":{"line":76,"column":8},"end":{"line":76,"column":8}},{"start":{"line":76,"column":8},"end":{"line":76,"column":8}}]}}},"contracts/SoulBoundToken.sol":{"l":{"21":0,"22":0,"23":0,"24":0,"28":0,"29":0,"33":0,"37":0,"42":0,"43":0,"45":0,"50":0,"59":0,"63":0},"path":"/Users/pranavlakkadi/HH-FCC/HH-Voting-Protocol/contracts/SoulBoundToken.sol","s":{"1":0,"2":0,"3":0,"4":0,"5":0,"6":0,"7":0,"8":0,"9":0,"10":0,"11":0,"12":0,"13":0,"14":0,"15":0},"b":{"1":[0,0],"2":[0,0],"3":[0,0],"4":[0,0],"5":[0,0],"6":[0,0],"7":[0,0]},"f":{"1":0,"2":0,"3":0,"4":0,"5":0,"6":0,"7":0,"8":0,"9":0},"fnMap":{"1":{"name":"constructor","line":18,"loc":{"start":{"line":18,"column":4},"end":{"line":18,"column":56}}},"2":{"name":"safeMint","line":20,"loc":{"start":{"line":20,"column":4},"end":{"line":25,"column":4}}},"3":{"name":"burn","line":27,"loc":{"start":{"line":27,"column":4},"end":{"line":30,"column":4}}},"4":{"name":"revoke","line":32,"loc":{"start":{"line":32,"column":4},"end":{"line":34,"column":4}}},"5":{"name":"_beforeTokenTransfer","line":36,"loc":{"start":{"line":36,"column":4},"end":{"line":38,"column":4}}},"6":{"name":"_afterTokenTransfer","line":40,"loc":{"start":{"line":40,"column":4},"end":{"line":47,"column":4}}},"7":{"name":"_burn","line":49,"loc":{"start":{"line":49,"column":4},"end":{"line":51,"column":4}}},"8":{"name":"tokenURI","line":53,"loc":{"start":{"line":53,"column":4},"end":{"line":60,"column":4}}},"9":{"name":"getTokenCount","line":62,"loc":{"start":{"line":62,"column":4},"end":{"line":64,"column":4}}}},"statementMap":{"1":{"start":{"line":21,"column":8},"end":{"line":21,"column":51}},"2":{"start":{"line":22,"column":8},"end":{"line":22,"column":34}},"3":{"start":{"line":23,"column":8},"end":{"line":23,"column":29}},"4":{"start":{"line":24,"column":8},"end":{"line":24,"column":33}},"5":{"start":{"line":28,"column":8},"end":{"line":28,"column":85}},"6":{"start":{"line":29,"column":8},"end":{"line":29,"column":21}},"7":{"start":{"line":33,"column":8},"end":{"line":33,"column":21}},"8":{"start":{"line":37,"column":8},"end":{"line":37,"column":87}},"9":{"start":{"line":42,"column":8},"end":{"line":42,"column":1439}},"10":{"start":{"line":43,"column":12},"end":{"line":43,"column":36}},"11":{"start":{"line":44,"column":15},"end":{"line":44,"column":1518}},"12":{"start":{"line":45,"column":12},"end":{"line":45,"column":36}},"13":{"start":{"line":50,"column":8},"end":{"line":50,"column":27}},"14":{"start":{"line":59,"column":8},"end":{"line":59,"column":38}},"15":{"start":{"line":63,"column":8},"end":{"line":63,"column":40}}},"branchMap":{"1":{"line":20,"type":"if","locations":[{"start":{"line":20,"column":60},"end":{"line":20,"column":60}},{"start":{"line":20,"column":60},"end":{"line":20,"column":60}}]},"2":{"line":28,"type":"if","locations":[{"start":{"line":28,"column":8},"end":{"line":28,"column":8}},{"start":{"line":28,"column":8},"end":{"line":28,"column":8}}]},"3":{"line":32,"type":"if","locations":[{"start":{"line":32,"column":46},"end":{"line":32,"column":46}},{"start":{"line":32,"column":46},"end":{"line":32,"column":46}}]},"4":{"line":37,"type":"if","locations":[{"start":{"line":37,"column":8},"end":{"line":37,"column":8}},{"start":{"line":37,"column":8},"end":{"line":37,"column":8}}]},"5":{"line":37,"type":"cond-expr","locations":[{"start":{"line":37,"column":16},"end":{"line":37,"column":33}},{"start":{"line":37,"column":38},"end":{"line":37,"column":53}}]},"6":{"line":42,"type":"if","locations":[{"start":{"line":42,"column":8},"end":{"line":42,"column":8}},{"start":{"line":42,"column":8},"end":{"line":42,"column":8}}]},"7":{"line":44,"type":"if","locations":[{"start":{"line":44,"column":15},"end":{"line":44,"column":15}},{"start":{"line":44,"column":15},"end":{"line":44,"column":15}}]}}},"contracts/voting.sol":{"l":{"31":0,"35":0,"36":0,"38":0,"42":0,"43":0,"45":0,"49":0,"50":0,"51":0,"53":0,"55":0,"59":0,"61":0,"62":0,"65":0,"66":0,"67":0,"68":0,"71":0,"72":0,"73":0,"75":0,"77":0,"81":0,"83":0,"84":0,"85":0,"86":0,"87":0,"90":0,"91":0,"92":0,"98":0,"99":0,"103":0,"104":0,"108":0,"109":0,"113":0,"114":0,"118":0,"119":0},"path":"/Users/pranavlakkadi/HH-FCC/HH-Voting-Protocol/contracts/voting.sol","s":{"1":0,"2":0,"3":0,"4":0,"5":0,"6":0,"7":0,"8":0,"9":0,"10":0,"11":0,"12":0,"13":0,"14":0,"15":0,"16":0,"17":0,"18":0,"19":0,"20":0,"21":0},"b":{"1":[0,0],"2":[0,0],"3":[0,0],"4":[0,0],"5":[0,0],"6":[0,0],"7":[0,0],"8":[0,0],"9":[0,0],"10":[0,0]},"f":{"1":0,"2":0,"3":0,"4":0,"5":0,"6":0,"7":0,"8":0,"9":0,"10":0,"11":0},"fnMap":{"1":{"name":"constructor","line":30,"loc":{"start":{"line":30,"column":4},"end":{"line":32,"column":4}}},"2":{"name":"MembersOnly","line":34,"loc":{"start":{"line":34,"column":4},"end":{"line":39,"column":4}}},"3":{"name":"InactiveProposal","line":41,"loc":{"start":{"line":41,"column":4},"end":{"line":46,"column":4}}},"4":{"name":"createProposal","line":48,"loc":{"start":{"line":48,"column":4},"end":{"line":56,"column":4}}},"5":{"name":"casteVote","line":58,"loc":{"start":{"line":58,"column":4},"end":{"line":78,"column":4}}},"6":{"name":"updateVote","line":80,"loc":{"start":{"line":80,"column":4},"end":{"line":95,"column":4}}},"7":{"name":"getProposalDescription","line":97,"loc":{"start":{"line":97,"column":4},"end":{"line":100,"column":4}}},"8":{"name":"getProposalYesVotes","line":102,"loc":{"start":{"line":102,"column":4},"end":{"line":105,"column":4}}},"9":{"name":"getProposalNoVotes","line":107,"loc":{"start":{"line":107,"column":4},"end":{"line":110,"column":4}}},"10":{"name":"getProposaldeadline","line":112,"loc":{"start":{"line":112,"column":4},"end":{"line":115,"column":4}}},"11":{"name":"getProposaldIsVoter","line":117,"loc":{"start":{"line":117,"column":4},"end":{"line":120,"column":4}}}},"statementMap":{"1":{"start":{"line":35,"column":8},"end":{"line":35,"column":958}},"2":{"start":{"line":42,"column":8},"end":{"line":42,"column":1163}},"3":{"start":{"line":49,"column":8},"end":{"line":49,"column":73}},"4":{"start":{"line":55,"column":8},"end":{"line":55,"column":71}},"5":{"start":{"line":59,"column":8},"end":{"line":59,"column":57}},"6":{"start":{"line":61,"column":8},"end":{"line":61,"column":1859}},"7":{"start":{"line":65,"column":8},"end":{"line":65,"column":1964}},"8":{"start":{"line":77,"column":8},"end":{"line":77,"column":47}},"9":{"start":{"line":81,"column":8},"end":{"line":81,"column":57}},"10":{"start":{"line":83,"column":8},"end":{"line":83,"column":2533}},"11":{"start":{"line":84,"column":12},"end":{"line":84,"column":2584}},"12":{"start":{"line":98,"column":8},"end":{"line":98,"column":57}},"13":{"start":{"line":99,"column":8},"end":{"line":99,"column":35}},"14":{"start":{"line":103,"column":8},"end":{"line":103,"column":57}},"15":{"start":{"line":104,"column":8},"end":{"line":104,"column":32}},"16":{"start":{"line":108,"column":8},"end":{"line":108,"column":57}},"17":{"start":{"line":109,"column":8},"end":{"line":109,"column":31}},"18":{"start":{"line":113,"column":8},"end":{"line":113,"column":57}},"19":{"start":{"line":114,"column":8},"end":{"line":114,"column":32}},"20":{"start":{"line":118,"column":8},"end":{"line":118,"column":57}},"21":{"start":{"line":119,"column":8},"end":{"line":119,"column":42}}},"branchMap":{"1":{"line":35,"type":"if","locations":[{"start":{"line":35,"column":8},"end":{"line":35,"column":8}},{"start":{"line":35,"column":8},"end":{"line":35,"column":8}}]},"2":{"line":42,"type":"if","locations":[{"start":{"line":42,"column":8},"end":{"line":42,"column":8}},{"start":{"line":42,"column":8},"end":{"line":42,"column":8}}]},"3":{"line":48,"type":"if","locations":[{"start":{"line":48,"column":86},"end":{"line":48,"column":86}},{"start":{"line":48,"column":86},"end":{"line":48,"column":86}}]},"4":{"line":58,"type":"if","locations":[{"start":{"line":58,"column":54},"end":{"line":58,"column":54}},{"start":{"line":58,"column":54},"end":{"line":58,"column":54}}]},"5":{"line":58,"type":"if","locations":[{"start":{"line":58,"column":66},"end":{"line":58,"column":66}},{"start":{"line":58,"column":66},"end":{"line":58,"column":66}}]},"6":{"line":61,"type":"if","locations":[{"start":{"line":61,"column":8},"end":{"line":61,"column":8}},{"start":{"line":61,"column":8},"end":{"line":61,"column":8}}]},"7":{"line":65,"type":"if","locations":[{"start":{"line":65,"column":8},"end":{"line":65,"column":8}},{"start":{"line":65,"column":8},"end":{"line":65,"column":8}}]},"8":{"line":80,"type":"if","locations":[{"start":{"line":80,"column":45},"end":{"line":80,"column":45}},{"start":{"line":80,"column":45},"end":{"line":80,"column":45}}]},"9":{"line":83,"type":"if","locations":[{"start":{"line":83,"column":8},"end":{"line":83,"column":8}},{"start":{"line":83,"column":8},"end":{"line":83,"column":8}}]},"10":{"line":84,"type":"if","locations":[{"start":{"line":84,"column":12},"end":{"line":84,"column":12}},{"start":{"line":84,"column":12},"end":{"line":84,"column":12}}]}}}}